1508691083499	geckodriver	INFO	geckodriver 0.19.0
1508691083525	geckodriver	INFO	Listening on 127.0.0.1:58133
1508691087007	mozrunner::runner	INFO	Running command: "/usr/bin/firefox" "-marionette" "-profile" "/tmp/rust_mozprofile.8FuM4mydZVAB"
1508691090602	addons.manager	DEBUG	Application has been upgraded
1508691090704	addons.manager	DEBUG	Loaded provider scope for resource://gre/modules/addons/XPIProvider.jsm: ["XPIProvider", "XPIInternal"]
1508691090711	addons.manager	DEBUG	Loaded provider scope for resource://gre/modules/LightweightThemeManager.jsm: ["LightweightThemeManager"]
1508691090803	addons.manager	DEBUG	Loaded provider scope for resource://gre/modules/addons/GMPProvider.jsm
1508691090807	addons.manager	DEBUG	Loaded provider scope for resource://gre/modules/addons/PluginProvider.jsm
1508691090807	addons.manager	DEBUG	Starting provider: XPIProvider
1508691090808	addons.xpi	DEBUG	startup
1508691090808	addons.xpi	INFO	SystemAddonInstallLocation directory is missing
1508691090808	addons.xpi	INFO	Removing all system add-on upgrades.
1508691090820	addons.xpi	DEBUG	checkForChanges
1508691090821	addons.xpi	WARN	Error parsing extensions state: [Exception... "Component returned failure code: 0x80520012 (NS_ERROR_FILE_NOT_FOUND) [amIAddonManagerStartup.readStartupData]"  nsresult: "0x80520012 (NS_ERROR_FILE_NOT_FOUND)"  location: "JS frame :: resource://gre/modules/addons/XPIProvider.jsm :: loadExtensionState :: line 1554"  data: no] Stack trace: loadExtensionState()@resource://gre/modules/addons/XPIProvider.jsm:1554 < getInstallState()@resource://gre/modules/addons/XPIProvider.jsm:1589 < checkForChanges()@resource://gre/modules/addons/XPIProvider.jsm:3109 < startup()@resource://gre/modules/addons/XPIProvider.jsm:2188 < callProvider()@resource://gre/modules/AddonManager.jsm:269 < _startProvider()@resource://gre/modules/AddonManager.jsm:739 < startup()@resource://gre/modules/AddonManager.jsm:906 < startup()@resource://gre/modules/AddonManager.jsm:3090 < observe()@jar:file:///usr/lib/firefox/omni.ja!/components/addonManager.js:65
1508691090824	addons.xpi	DEBUG	Loaded add-on state: ${}
1508691090826	addons.xpi	INFO	Mapping activity-stream@mozilla.org to /usr/lib/firefox/browser/features/activity-stream@mozilla.org.xpi
1508691090826	addons.xpi	INFO	Mapping onboarding@mozilla.org to /usr/lib/firefox/browser/features/onboarding@mozilla.org.xpi
1508691090826	addons.xpi	INFO	Mapping formautofill@mozilla.org to /usr/lib/firefox/browser/features/formautofill@mozilla.org.xpi
1508691090826	addons.xpi	INFO	Mapping screenshots@mozilla.org to /usr/lib/firefox/browser/features/screenshots@mozilla.org.xpi
1508691090827	addons.xpi	INFO	Mapping e10srollout@mozilla.org to /usr/lib/firefox/browser/features/e10srollout@mozilla.org.xpi
1508691090827	addons.xpi	INFO	Mapping firefox@getpocket.com to /usr/lib/firefox/browser/features/firefox@getpocket.com.xpi
1508691090827	addons.xpi	INFO	Mapping aushelper@mozilla.org to /usr/lib/firefox/browser/features/aushelper@mozilla.org.xpi
1508691090827	addons.xpi	INFO	Mapping shield-recipe-client@mozilla.org to /usr/lib/firefox/browser/features/shield-recipe-client@mozilla.org.xpi
1508691090828	addons.xpi	INFO	Mapping clicktoplay-rollout@mozilla.org to /usr/lib/firefox/browser/features/clicktoplay-rollout@mozilla.org.xpi
1508691090828	addons.xpi	INFO	Mapping webcompat@mozilla.org to /usr/lib/firefox/browser/features/webcompat@mozilla.org.xpi
1508691090829	addons.xpi	INFO	Mapping followonsearch@mozilla.com to /usr/lib/firefox/browser/features/followonsearch@mozilla.com.xpi
1508691090829	addons.xpi	DEBUG	New add-on activity-stream@mozilla.org in app-system-defaults
1508691090829	addons.xpi	INFO	Mapping activity-stream@mozilla.org to /usr/lib/firefox/browser/features/activity-stream@mozilla.org.xpi
1508691090830	addons.xpi	DEBUG	New add-on onboarding@mozilla.org in app-system-defaults
1508691090831	addons.xpi	INFO	Mapping onboarding@mozilla.org to /usr/lib/firefox/browser/features/onboarding@mozilla.org.xpi
1508691090832	addons.xpi	DEBUG	New add-on formautofill@mozilla.org in app-system-defaults
1508691090833	addons.xpi	INFO	Mapping formautofill@mozilla.org to /usr/lib/firefox/browser/features/formautofill@mozilla.org.xpi
1508691090833	addons.xpi	DEBUG	New add-on screenshots@mozilla.org in app-system-defaults
1508691090833	addons.xpi	INFO	Mapping screenshots@mozilla.org to /usr/lib/firefox/browser/features/screenshots@mozilla.org.xpi
1508691090834	addons.xpi	DEBUG	New add-on e10srollout@mozilla.org in app-system-defaults
1508691090835	addons.xpi	INFO	Mapping e10srollout@mozilla.org to /usr/lib/firefox/browser/features/e10srollout@mozilla.org.xpi
1508691090835	addons.xpi	DEBUG	New add-on firefox@getpocket.com in app-system-defaults
1508691090836	addons.xpi	INFO	Mapping firefox@getpocket.com to /usr/lib/firefox/browser/features/firefox@getpocket.com.xpi
1508691090836	addons.xpi	DEBUG	New add-on aushelper@mozilla.org in app-system-defaults
1508691090836	addons.xpi	INFO	Mapping aushelper@mozilla.org to /usr/lib/firefox/browser/features/aushelper@mozilla.org.xpi
1508691090837	addons.xpi	DEBUG	New add-on shield-recipe-client@mozilla.org in app-system-defaults
1508691090837	addons.xpi	INFO	Mapping shield-recipe-client@mozilla.org to /usr/lib/firefox/browser/features/shield-recipe-client@mozilla.org.xpi
1508691090837	addons.xpi	DEBUG	New add-on clicktoplay-rollout@mozilla.org in app-system-defaults
1508691090837	addons.xpi	INFO	Mapping clicktoplay-rollout@mozilla.org to /usr/lib/firefox/browser/features/clicktoplay-rollout@mozilla.org.xpi
1508691090837	addons.xpi	DEBUG	New add-on webcompat@mozilla.org in app-system-defaults
1508691090838	addons.xpi	INFO	Mapping webcompat@mozilla.org to /usr/lib/firefox/browser/features/webcompat@mozilla.org.xpi
1508691090838	addons.xpi	DEBUG	New add-on followonsearch@mozilla.com in app-system-defaults
1508691090838	addons.xpi	INFO	Mapping followonsearch@mozilla.com to /usr/lib/firefox/browser/features/followonsearch@mozilla.com.xpi
1508691090850	addons.xpi	INFO	Mapping langpack-en-GB@firefox.mozilla.org to /usr/lib/firefox/browser/extensions/langpack-en-GB@firefox.mozilla.org.xpi
1508691090851	addons.xpi	INFO	Mapping {972ce4c6-7e08-4474-a285-3208198ce6fd} to /usr/lib/firefox/browser/extensions/{972ce4c6-7e08-4474-a285-3208198ce6fd}.xpi
1508691090851	addons.xpi	INFO	Mapping langpack-en-ZA@firefox.mozilla.org to /usr/lib/firefox/browser/extensions/langpack-en-ZA@firefox.mozilla.org.xpi
1508691090851	addons.xpi	DEBUG	New add-on langpack-en-GB@firefox.mozilla.org in app-global
1508691090851	addons.xpi	INFO	Mapping langpack-en-GB@firefox.mozilla.org to /usr/lib/firefox/browser/extensions/langpack-en-GB@firefox.mozilla.org.xpi
1508691090852	addons.xpi	DEBUG	New add-on {972ce4c6-7e08-4474-a285-3208198ce6fd} in app-global
1508691090852	addons.xpi	INFO	Mapping {972ce4c6-7e08-4474-a285-3208198ce6fd} to /usr/lib/firefox/browser/extensions/{972ce4c6-7e08-4474-a285-3208198ce6fd}.xpi
1508691090852	addons.xpi	DEBUG	New add-on langpack-en-ZA@firefox.mozilla.org in app-global
1508691090852	addons.xpi	INFO	Mapping langpack-en-ZA@firefox.mozilla.org to /usr/lib/firefox/browser/extensions/langpack-en-ZA@firefox.mozilla.org.xpi
1508691090852	addons.xpi	DEBUG	getInstallState changed: true, state: {}
1508691090853	addons.xpi	INFO	SystemAddonInstallLocation directory is missing
1508691090875	addons.xpi-utils	DEBUG	Opening XPI database /tmp/rust_mozprofile.8FuM4mydZVAB/extensions.json
1508691090877	addons.xpi-utils	DEBUG	New add-on activity-stream@mozilla.org installed in app-system-defaults
*** Blocklist::_loadBlocklistFromFile: blocklist is disabled
1508691091007	DeferredSave.extensions.json	DEBUG	Save changes
1508691091008	addons.xpi-utils	DEBUG	New add-on onboarding@mozilla.org installed in app-system-defaults
1508691091012	DeferredSave.extensions.json	DEBUG	Starting timer
1508691091019	DeferredSave.extensions.json	DEBUG	Save changes
1508691091019	addons.xpi-utils	DEBUG	New add-on formautofill@mozilla.org installed in app-system-defaults
1508691091044	DeferredSave.extensions.json	DEBUG	Save changes
1508691091044	addons.xpi-utils	DEBUG	New add-on screenshots@mozilla.org installed in app-system-defaults
1508691091055	DeferredSave.extensions.json	DEBUG	Save changes
1508691091055	addons.xpi-utils	DEBUG	New add-on e10srollout@mozilla.org installed in app-system-defaults
1508691091081	DeferredSave.extensions.json	DEBUG	Save changes
1508691091082	addons.xpi-utils	DEBUG	New add-on firefox@getpocket.com installed in app-system-defaults
1508691091110	DeferredSave.extensions.json	DEBUG	Save changes
1508691091110	addons.xpi-utils	DEBUG	New add-on aushelper@mozilla.org installed in app-system-defaults
1508691091126	DeferredSave.extensions.json	DEBUG	Save changes
1508691091126	addons.xpi-utils	DEBUG	New add-on shield-recipe-client@mozilla.org installed in app-system-defaults
1508691091142	DeferredSave.extensions.json	DEBUG	Save changes
1508691091142	addons.xpi-utils	DEBUG	New add-on clicktoplay-rollout@mozilla.org installed in app-system-defaults
1508691091145	DeferredSave.extensions.json	DEBUG	Save changes
1508691091146	addons.xpi-utils	DEBUG	New add-on webcompat@mozilla.org installed in app-system-defaults
1508691091152	DeferredSave.extensions.json	DEBUG	Starting write
1508691091254	DeferredSave.extensions.json	DEBUG	Save changes
1508691091254	DeferredSave.extensions.json	DEBUG	Data changed while write in progress
1508691091257	addons.xpi-utils	DEBUG	New add-on followonsearch@mozilla.com installed in app-system-defaults
1508691091305	DeferredSave.extensions.json	DEBUG	Save changes
1508691091308	addons.xpi-utils	DEBUG	New add-on langpack-en-GB@firefox.mozilla.org installed in app-global
1508691091344	DeferredSave.extensions.json	DEBUG	Save changes
1508691091344	addons.xpi-utils	DEBUG	New add-on {972ce4c6-7e08-4474-a285-3208198ce6fd} installed in app-global
1508691091376	DeferredSave.extensions.json	DEBUG	Save changes
1508691091377	addons.xpi-utils	DEBUG	New add-on langpack-en-ZA@firefox.mozilla.org installed in app-global
1508691091405	DeferredSave.extensions.json	DEBUG	Save changes
1508691091406	addons.manager	DEBUG	Registering startup change 'installed' for activity-stream@mozilla.org
1508691091424	addons.xpi	DEBUG	Loading bootstrap scope from /usr/lib/firefox/browser/features/activity-stream@mozilla.org.xpi
1508691091453	addons.xpi	DEBUG	Calling bootstrap method install on activity-stream@mozilla.org version 0.0.0
1508691091453	addons.xpi-utils	DEBUG	Make addon app-system-defaults:activity-stream@mozilla.org visible
1508691091455	addons.xpi	DEBUG	Updating XPIState for {"id":"activity-stream@mozilla.org","syncGUID":"{23f5283b-0e98-4c37-9a35-cfbbf9c83dd3}","location":"app-system-defaults","version":"0.0.0","type":"extension","internalName":null,"updateURL":null,"updateKey":null,"optionsURL":null,"optionsType":null,"aboutURL":null,"defaultLocale":{"name":"Activity Stream","description":"A rich visual history feed and a reimagined home page make it easier than ever to find exactly what you're looking for in Firefox.","creator":null,"homepageURL":null},"visible":true,"active":false,"userDisabled":false,"appDisabled":false,"installDate":1507031548000,"updateDate":1507031548000,"applyBackgroundUpdates":1,"bootstrap":true,"path":"/usr/lib/firefox/browser/features/activity-stream@mozilla.org.xpi","skinnable":false,"size":1280296,"sourceURI":null,"releaseNotesURI":null,"softDisabled":false,"foreignInstall":false,"hasBinaryComponents":false,"strictCompatibility":false,"locales":[],"targetApplications":[{"id":"{ec8030f7-c20a-464f-9b0e-13a3a9e97384}","minVersion":"56.0","maxVersion":"56.*"}],"targetPlatforms":[],"multiprocessCompatible":true,"seen":true,"dependencies":[],"hasEmbeddedWebExtension":false,"mpcOptedOut":false,"userPermissions":null,"icons":{},"iconURL":null,"icon64URL":null,"blocklistState":0,"blocklistURL":null}
1508691091469	DeferredSave.extensions.json	DEBUG	Save changes
1508691091470	addons.manager	DEBUG	Registering startup change 'installed' for onboarding@mozilla.org
1508691091473	addons.xpi	DEBUG	Loading bootstrap scope from /usr/lib/firefox/browser/features/onboarding@mozilla.org.xpi
1508691091479	addons.xpi	DEBUG	Calling bootstrap method install on onboarding@mozilla.org version 0.1
1508691091480	addons.xpi-utils	DEBUG	Make addon app-system-defaults:onboarding@mozilla.org visible
1508691091480	addons.xpi	DEBUG	Updating XPIState for {"id":"onboarding@mozilla.org","syncGUID":"{1704b9b8-f81d-4e6a-8ddb-596dab32f7bd}","location":"app-system-defaults","version":"0.1","type":"extension","internalName":null,"updateURL":null,"updateKey":null,"optionsURL":null,"optionsType":null,"aboutURL":null,"defaultLocale":{"name":"Photon onboarding","description":"Photon onboarding","creator":null,"homepageURL":null},"visible":true,"active":false,"userDisabled":false,"appDisabled":false,"installDate":1507031549000,"updateDate":1507031549000,"applyBackgroundUpdates":1,"bootstrap":true,"path":"/usr/lib/firefox/browser/features/onboarding@mozilla.org.xpi","skinnable":false,"size":426439,"sourceURI":null,"releaseNotesURI":null,"softDisabled":false,"foreignInstall":false,"hasBinaryComponents":false,"strictCompatibility":false,"locales":[],"targetApplications":[{"id":"{ec8030f7-c20a-464f-9b0e-13a3a9e97384}","minVersion":"56.0","maxVersion":"56.*"}],"targetPlatforms":[],"multiprocessCompatible":true,"seen":true,"dependencies":[],"hasEmbeddedWebExtension":false,"mpcOptedOut":false,"userPermissions":null,"icons":{},"iconURL":null,"icon64URL":null,"blocklistState":0,"blocklistURL":null}
1508691091482	DeferredSave.extensions.json	DEBUG	Save changes
1508691091482	addons.manager	DEBUG	Registering startup change 'installed' for formautofill@mozilla.org
1508691091483	addons.xpi	DEBUG	Loading bootstrap scope from /usr/lib/firefox/browser/features/formautofill@mozilla.org.xpi
1508691091487	addons.xpi	DEBUG	Calling bootstrap method install on formautofill@mozilla.org version 1.0
1508691091487	addons.xpi-utils	DEBUG	Make addon app-system-defaults:formautofill@mozilla.org visible
1508691091487	addons.xpi	DEBUG	Updating XPIState for {"id":"formautofill@mozilla.org","syncGUID":"{33f5764d-e565-421c-a01d-98c51d7d879f}","location":"app-system-defaults","version":"1.0","type":"extension","internalName":null,"updateURL":null,"updateKey":null,"optionsURL":null,"optionsType":null,"aboutURL":null,"defaultLocale":{"name":"Form Autofill","description":"Autofill forms with saved profiles","creator":null,"homepageURL":null},"visible":true,"active":false,"userDisabled":false,"appDisabled":false,"installDate":1507031549000,"updateDate":1507031549000,"applyBackgroundUpdates":1,"bootstrap":true,"path":"/usr/lib/firefox/browser/features/formautofill@mozilla.org.xpi","skinnable":false,"size":335585,"sourceURI":null,"releaseNotesURI":null,"softDisabled":false,"foreignInstall":false,"hasBinaryComponents":false,"strictCompatibility":false,"locales":[],"targetApplications":[{"id":"{ec8030f7-c20a-464f-9b0e-13a3a9e97384}","minVersion":"56.0","maxVersion":"56.*"}],"targetPlatforms":[],"multiprocessCompatible":true,"seen":true,"dependencies":[],"hasEmbeddedWebExtension":false,"mpcOptedOut":false,"userPermissions":null,"icons":{},"iconURL":null,"icon64URL":null,"blocklistState":0,"blocklistURL":null}
1508691091488	DeferredSave.extensions.json	DEBUG	Save changes
1508691091488	addons.manager	DEBUG	Registering startup change 'installed' for screenshots@mozilla.org
1508691091490	addons.xpi	DEBUG	Loading bootstrap scope from /usr/lib/firefox/browser/features/screenshots@mozilla.org.xpi
1508691091493	addons.xpi	DEBUG	Calling bootstrap method install on screenshots@mozilla.org version 10.12.0
1508691091493	addons.xpi-utils	DEBUG	Make addon app-system-defaults:screenshots@mozilla.org visible
1508691091494	addons.xpi	DEBUG	Updating XPIState for {"id":"screenshots@mozilla.org","syncGUID":"{62889c40-d27e-4dab-9345-fcc8f757cbe2}","location":"app-system-defaults","version":"10.12.0","type":"extension","internalName":null,"updateURL":null,"updateKey":null,"optionsURL":null,"optionsType":null,"aboutURL":null,"defaultLocale":{"name":"Firefox Screenshots","description":null,"creator":null,"homepageURL":"https://pageshot.net/"},"visible":true,"active":false,"userDisabled":false,"appDisabled":false,"installDate":1507031549000,"updateDate":1507031549000,"applyBackgroundUpdates":1,"bootstrap":true,"path":"/usr/lib/firefox/browser/features/screenshots@mozilla.org.xpi","skinnable":false,"size":714554,"sourceURI":null,"releaseNotesURI":null,"softDisabled":false,"foreignInstall":false,"hasBinaryComponents":false,"strictCompatibility":false,"locales":[],"targetApplications":[{"id":"{ec8030f7-c20a-464f-9b0e-13a3a9e97384}","minVersion":"51.0a1","maxVersion":"*"}],"targetPlatforms":[],"multiprocessCompatible":true,"seen":true,"dependencies":[],"hasEmbeddedWebExtension":false,"mpcOptedOut":false,"userPermissions":null,"icons":{},"iconURL":null,"icon64URL":null,"blocklistState":0,"blocklistURL":null}
1508691091495	DeferredSave.extensions.json	DEBUG	Save changes
1508691091495	addons.manager	DEBUG	Registering startup change 'installed' for e10srollout@mozilla.org
1508691091498	addons.xpi	DEBUG	Loading bootstrap scope from /usr/lib/firefox/browser/features/e10srollout@mozilla.org.xpi
1508691091556	addons.xpi	DEBUG	Calling bootstrap method install on e10srollout@mozilla.org version 3.00
1508691091566	addons.xpi-utils	DEBUG	Make addon app-system-defaults:e10srollout@mozilla.org visible
1508691091567	addons.xpi	DEBUG	Updating XPIState for {"id":"e10srollout@mozilla.org","syncGUID":"{991c27a0-73a2-47fe-8970-605d19ebe767}","location":"app-system-defaults","version":"3.00","type":"extension","internalName":null,"updateURL":null,"updateKey":null,"optionsURL":null,"optionsType":null,"aboutURL":null,"defaultLocale":{"name":"Multi-process staged rollout","description":"Staged rollout of Firefox multi-process feature.","creator":null,"homepageURL":null},"visible":true,"active":false,"userDisabled":false,"appDisabled":false,"installDate":1507031548000,"updateDate":1507031548000,"applyBackgroundUpdates":1,"bootstrap":true,"path":"/usr/lib/firefox/browser/features/e10srollout@mozilla.org.xpi","skinnable":false,"size":13710,"sourceURI":null,"releaseNotesURI":null,"softDisabled":false,"foreignInstall":false,"hasBinaryComponents":false,"strictCompatibility":false,"locales":[],"targetApplications":[{"id":"{ec8030f7-c20a-464f-9b0e-13a3a9e97384}","minVersion":"56.0","maxVersion":"56.*"}],"targetPlatforms":[],"multiprocessCompatible":true,"seen":true,"dependencies":[],"hasEmbeddedWebExtension":false,"mpcOptedOut":false,"userPermissions":null,"icons":{},"iconURL":null,"icon64URL":null,"blocklistState":0,"blocklistURL":null}
1508691091571	DeferredSave.extensions.json	DEBUG	Save changes
1508691091571	addons.manager	DEBUG	Registering startup change 'installed' for firefox@getpocket.com
1508691091573	addons.xpi	DEBUG	Loading bootstrap scope from /usr/lib/firefox/browser/features/firefox@getpocket.com.xpi
1508691091592	addons.xpi	DEBUG	Calling bootstrap method install on firefox@getpocket.com version 1.0.5
1508691091592	addons.xpi-utils	DEBUG	Make addon app-system-defaults:firefox@getpocket.com visible
1508691091592	addons.xpi	DEBUG	Updating XPIState for {"id":"firefox@getpocket.com","syncGUID":"{55e19096-dd13-428b-8fcd-8c3c8ae29884}","location":"app-system-defaults","version":"1.0.5","type":"extension","internalName":null,"updateURL":null,"updateKey":null,"optionsURL":null,"optionsType":null,"aboutURL":null,"defaultLocale":{"name":"Pocket","description":"When you find something you want to view later, put it in Pocket.","creator":null,"homepageURL":null},"visible":true,"active":false,"userDisabled":false,"appDisabled":false,"installDate":1507031549000,"updateDate":1507031549000,"applyBackgroundUpdates":1,"bootstrap":true,"path":"/usr/lib/firefox/browser/features/firefox@getpocket.com.xpi","skinnable":false,"size":994832,"sourceURI":null,"releaseNotesURI":null,"softDisabled":false,"foreignInstall":false,"hasBinaryComponents":false,"strictCompatibility":false,"locales":[],"targetApplications":[{"id":"{ec8030f7-c20a-464f-9b0e-13a3a9e97384}","minVersion":"56.0","maxVersion":"56.*"}],"targetPlatforms":[],"multiprocessCompatible":true,"seen":true,"dependencies":[],"hasEmbeddedWebExtension":false,"mpcOptedOut":false,"userPermissions":null,"icons":{},"iconURL":null,"icon64URL":null,"blocklistState":0,"blocklistURL":null}
1508691091594	DeferredSave.extensions.json	DEBUG	Save changes
1508691091594	addons.manager	DEBUG	Registering startup change 'installed' for aushelper@mozilla.org
1508691091595	addons.xpi	DEBUG	Loading bootstrap scope from /usr/lib/firefox/browser/features/aushelper@mozilla.org.xpi
1508691091599	addons.xpi	DEBUG	Calling bootstrap method install on aushelper@mozilla.org version 2.0
1508691091599	addons.xpi-utils	DEBUG	Make addon app-system-defaults:aushelper@mozilla.org visible
1508691091600	addons.xpi	DEBUG	Updating XPIState for {"id":"aushelper@mozilla.org","syncGUID":"{42f73ea0-9d9c-489c-840a-2d451ef60a47}","location":"app-system-defaults","version":"2.0","type":"extension","internalName":null,"updateURL":null,"updateKey":null,"optionsURL":null,"optionsType":null,"aboutURL":null,"defaultLocale":{"name":"Application Update Service Helper","description":"Sets value(s) in the update url based on custom checks.","creator":null,"homepageURL":null},"visible":true,"active":false,"userDisabled":false,"appDisabled":false,"installDate":1507031548000,"updateDate":1507031548000,"applyBackgroundUpdates":1,"bootstrap":true,"path":"/usr/lib/firefox/browser/features/aushelper@mozilla.org.xpi","skinnable":false,"size":8486,"sourceURI":null,"releaseNotesURI":null,"softDisabled":false,"foreignInstall":false,"hasBinaryComponents":false,"strictCompatibility":false,"locales":[],"targetApplications":[{"id":"{ec8030f7-c20a-464f-9b0e-13a3a9e97384}","minVersion":"56.0","maxVersion":"56.*"}],"targetPlatforms":[],"multiprocessCompatible":true,"seen":true,"dependencies":[],"hasEmbeddedWebExtension":false,"mpcOptedOut":false,"userPermissions":null,"icons":{},"iconURL":null,"icon64URL":null,"blocklistState":0,"blocklistURL":null}
1508691091600	DeferredSave.extensions.json	DEBUG	Save changes
1508691091600	addons.manager	DEBUG	Registering startup change 'installed' for shield-recipe-client@mozilla.org
1508691091601	addons.xpi	DEBUG	Loading bootstrap scope from /usr/lib/firefox/browser/features/shield-recipe-client@mozilla.org.xpi
1508691091605	addons.xpi	DEBUG	Calling bootstrap method install on shield-recipe-client@mozilla.org version 65
1508691091605	addons.xpi-utils	DEBUG	Make addon app-system-defaults:shield-recipe-client@mozilla.org visible
1508691091606	addons.xpi	DEBUG	Updating XPIState for {"id":"shield-recipe-client@mozilla.org","syncGUID":"{6b1d86c8-006c-407a-a1e4-a83d8904c697}","location":"app-system-defaults","version":"65","type":"extension","internalName":null,"updateURL":null,"updateKey":null,"optionsURL":null,"optionsType":null,"aboutURL":null,"defaultLocale":{"name":"Shield Recipe Client","description":"Client to download and run recipes for SHIELD, Heartbeat, etc.","creator":null,"homepageURL":null},"visible":true,"active":false,"userDisabled":false,"appDisabled":false,"installDate":1507031549000,"updateDate":1507031549000,"applyBackgroundUpdates":1,"bootstrap":true,"path":"/usr/lib/firefox/browser/features/shield-recipe-client@mozilla.org.xpi","skinnable":false,"size":362688,"sourceURI":null,"releaseNotesURI":null,"softDisabled":false,"foreignInstall":false,"hasBinaryComponents":false,"strictCompatibility":false,"locales":[],"targetApplications":[{"id":"{ec8030f7-c20a-464f-9b0e-13a3a9e97384}","minVersion":"56.0","maxVersion":"56.*"}],"targetPlatforms":[],"multiprocessCompatible":true,"seen":true,"dependencies":[],"hasEmbeddedWebExtension":false,"mpcOptedOut":false,"userPermissions":null,"icons":{},"iconURL":null,"icon64URL":null,"blocklistState":0,"blocklistURL":null}
1508691091611	DeferredSave.extensions.json	DEBUG	Save changes
1508691091611	addons.manager	DEBUG	Registering startup change 'installed' for clicktoplay-rollout@mozilla.org
1508691091611	addons.xpi	DEBUG	Loading bootstrap scope from /usr/lib/firefox/browser/features/clicktoplay-rollout@mozilla.org.xpi
1508691091614	addons.xpi	DEBUG	Calling bootstrap method install on clicktoplay-rollout@mozilla.org version 1.4
1508691091614	addons.xpi-utils	DEBUG	Make addon app-system-defaults:clicktoplay-rollout@mozilla.org visible
1508691091615	addons.xpi	DEBUG	Updating XPIState for {"id":"clicktoplay-rollout@mozilla.org","syncGUID":"{c9f32883-4ea0-4bfa-bb2e-86860e9d17f1}","location":"app-system-defaults","version":"1.4","type":"extension","internalName":null,"updateURL":null,"updateKey":null,"optionsURL":null,"optionsType":null,"aboutURL":null,"defaultLocale":{"name":"Click-to-Play staged rollout","description":"Staged rollout for Click-to-Play Flash.","creator":null,"homepageURL":null},"visible":true,"active":false,"userDisabled":false,"appDisabled":false,"installDate":1507031548000,"updateDate":1507031548000,"applyBackgroundUpdates":1,"bootstrap":true,"path":"/usr/lib/firefox/browser/features/clicktoplay-rollout@mozilla.org.xpi","skinnable":false,"size":5779,"sourceURI":null,"releaseNotesURI":null,"softDisabled":false,"foreignInstall":false,"hasBinaryComponents":false,"strictCompatibility":false,"locales":[],"targetApplications":[{"id":"{ec8030f7-c20a-464f-9b0e-13a3a9e97384}","minVersion":"56.0","maxVersion":"56.*"}],"targetPlatforms":[],"multiprocessCompatible":true,"seen":true,"dependencies":[],"hasEmbeddedWebExtension":false,"mpcOptedOut":false,"userPermissions":null,"icons":{},"iconURL":null,"icon64URL":null,"blocklistState":0,"blocklistURL":null}
1508691091616	DeferredSave.extensions.json	DEBUG	Save changes
1508691091616	addons.manager	DEBUG	Registering startup change 'installed' for webcompat@mozilla.org
1508691091617	addons.xpi	DEBUG	Loading bootstrap scope from /usr/lib/firefox/browser/features/webcompat@mozilla.org.xpi
1508691091620	addons.xpi	DEBUG	Calling bootstrap method install on webcompat@mozilla.org version 1.1
1508691091620	addons.xpi-utils	DEBUG	Make addon app-system-defaults:webcompat@mozilla.org visible
1508691091620	addons.xpi	DEBUG	Updating XPIState for {"id":"webcompat@mozilla.org","syncGUID":"{af3da911-33c4-468a-ba0f-21871f2591a3}","location":"app-system-defaults","version":"1.1","type":"extension","internalName":null,"updateURL":null,"updateKey":null,"optionsURL":null,"optionsType":null,"aboutURL":null,"defaultLocale":{"name":"Web Compat","description":"Urgent post-release fixes for web compatibility.","creator":null,"homepageURL":null},"visible":true,"active":false,"userDisabled":false,"appDisabled":false,"installDate":1507031549000,"updateDate":1507031549000,"applyBackgroundUpdates":1,"bootstrap":true,"path":"/usr/lib/firefox/browser/features/webcompat@mozilla.org.xpi","skinnable":false,"size":8990,"sourceURI":null,"releaseNotesURI":null,"softDisabled":false,"foreignInstall":false,"hasBinaryComponents":false,"strictCompatibility":false,"locales":[],"targetApplications":[{"id":"{ec8030f7-c20a-464f-9b0e-13a3a9e97384}","minVersion":"56.0","maxVersion":"56.*"}],"targetPlatforms":[],"multiprocessCompatible":true,"seen":true,"dependencies":[],"hasEmbeddedWebExtension":false,"mpcOptedOut":false,"userPermissions":null,"icons":{},"iconURL":null,"icon64URL":null,"blocklistState":0,"blocklistURL":null}
1508691091622	DeferredSave.extensions.json	DEBUG	Save changes
1508691091622	addons.manager	DEBUG	Registering startup change 'installed' for followonsearch@mozilla.com
1508691091623	addons.xpi	DEBUG	Loading bootstrap scope from /usr/lib/firefox/browser/features/followonsearch@mozilla.com.xpi
1508691091626	addons.xpi	DEBUG	Calling bootstrap method install on followonsearch@mozilla.com version 0.9.3
1508691091626	addons.xpi-utils	DEBUG	Make addon app-system-defaults:followonsearch@mozilla.com visible
1508691091627	addons.xpi	DEBUG	Updating XPIState for {"id":"followonsearch@mozilla.com","syncGUID":"{b5079b77-72b5-44f8-bf02-ae968242af82}","location":"app-system-defaults","version":"0.9.3","type":"extension","internalName":null,"updateURL":null,"updateKey":null,"optionsURL":null,"optionsType":null,"aboutURL":null,"defaultLocale":{"name":"Follow-on Search Telemetry","description":null,"creator":null,"homepageURL":null},"visible":true,"active":false,"userDisabled":false,"appDisabled":false,"installDate":1507031549000,"updateDate":1507031549000,"applyBackgroundUpdates":1,"bootstrap":true,"path":"/usr/lib/firefox/browser/features/followonsearch@mozilla.com.xpi","skinnable":false,"size":16802,"sourceURI":null,"releaseNotesURI":null,"softDisabled":false,"foreignInstall":false,"hasBinaryComponents":false,"strictCompatibility":false,"locales":[],"targetApplications":[{"id":"{ec8030f7-c20a-464f-9b0e-13a3a9e97384}","minVersion":"52.0","maxVersion":"59.*"}],"targetPlatforms":[],"multiprocessCompatible":true,"seen":true,"dependencies":[],"hasEmbeddedWebExtension":false,"mpcOptedOut":false,"userPermissions":null,"icons":{},"iconURL":null,"icon64URL":null,"blocklistState":0,"blocklistURL":null}
1508691091629	DeferredSave.extensions.json	DEBUG	Save changes
1508691091629	addons.manager	DEBUG	Registering startup change 'installed' for langpack-en-GB@firefox.mozilla.org
1508691091630	addons.manager	DEBUG	Registering startup change 'installed' for langpack-en-GB@firefox.mozilla.org
1508691091630	addons.xpi-utils	DEBUG	Make addon app-global:langpack-en-GB@firefox.mozilla.org visible
1508691091631	addons.xpi	DEBUG	Updating XPIState for {"id":"langpack-en-GB@firefox.mozilla.org","syncGUID":"{23638986-a681-43c5-b622-82282daeebe3}","location":"app-global","version":"56.0","type":"locale","internalName":null,"updateURL":null,"updateKey":null,"optionsURL":null,"optionsType":null,"optionsBrowserStyle":null,"aboutURL":null,"defaultLocale":{"name":"English (GB) Language Pack","description":null,"creator":"Mark Tyndall","homepageURL":null,"contributors":["David Bartlett","Constantine Murenin","Ian Neal"]},"visible":true,"active":false,"userDisabled":false,"appDisabled":false,"installDate":1507033390000,"updateDate":1507033390000,"applyBackgroundUpdates":1,"bootstrap":true,"path":"/usr/lib/firefox/browser/extensions/langpack-en-GB@firefox.mozilla.org.xpi","skinnable":false,"size":1254091,"sourceURI":null,"releaseNotesURI":null,"softDisabled":false,"foreignInstall":true,"hasBinaryComponents":false,"strictCompatibility":true,"locales":[],"targetApplications":[{"id":"{ec8030f7-c20a-464f-9b0e-13a3a9e97384}","minVersion":"56.0","maxVersion":"56.*"}],"targetPlatforms":[],"seen":true,"dependencies":[],"hasEmbeddedWebExtension":false,"userPermissions":null,"icons":{},"iconURL":null,"icon64URL":null,"blocklistState":0,"blocklistURL":null}
1508691091632	DeferredSave.extensions.json	DEBUG	Save changes
1508691091632	addons.xpi-utils	DEBUG	Make addon app-global:{972ce4c6-7e08-4474-a285-3208198ce6fd} visible
1508691091632	addons.xpi	DEBUG	Updating XPIState for {"id":"{972ce4c6-7e08-4474-a285-3208198ce6fd}","syncGUID":"{f5e4ad69-0934-464e-81e4-3d86d9dd46d7}","location":"app-global","version":"56.0","type":"theme","internalName":"classic/1.0","updateURL":null,"updateKey":null,"optionsURL":null,"optionsType":null,"optionsBrowserStyle":null,"aboutURL":null,"defaultLocale":{"name":"Default","description":"The default theme.","creator":"Mozilla","homepageURL":null,"contributors":["Mozilla Contributors"]},"visible":true,"active":false,"userDisabled":false,"appDisabled":false,"installDate":1507031548000,"updateDate":1507031548000,"applyBackgroundUpdates":1,"path":"/usr/lib/firefox/browser/extensions/{972ce4c6-7e08-4474-a285-3208198ce6fd}.xpi","skinnable":true,"size":2912,"sourceURI":null,"releaseNotesURI":null,"softDisabled":false,"foreignInstall":false,"hasBinaryComponents":false,"strictCompatibility":true,"locales":[],"targetApplications":[{"id":"{ec8030f7-c20a-464f-9b0e-13a3a9e97384}","minVersion":"56.0","maxVersion":"56.0"}],"targetPlatforms":[],"seen":true,"dependencies":[],"hasEmbeddedWebExtension":false,"userPermissions":null,"icons":{},"iconURL":"chrome://browser/content/default-theme-icon.svg","icon64URL":null,"blocklistState":0,"blocklistURL":null}
1508691091634	DeferredSave.extensions.json	DEBUG	Save changes
1508691091635	addons.manager	DEBUG	Registering startup change 'installed' for langpack-en-ZA@firefox.mozilla.org
1508691091635	addons.manager	DEBUG	Registering startup change 'installed' for langpack-en-ZA@firefox.mozilla.org
1508691091636	addons.xpi-utils	DEBUG	Make addon app-global:langpack-en-ZA@firefox.mozilla.org visible
1508691091636	addons.xpi	DEBUG	Updating XPIState for {"id":"langpack-en-ZA@firefox.mozilla.org","syncGUID":"{5daf4b7b-3a06-4ba0-9675-d7aa8b8cc0af}","location":"app-global","version":"56.0","type":"locale","internalName":null,"updateURL":null,"updateKey":null,"optionsURL":null,"optionsType":null,"optionsBrowserStyle":null,"aboutURL":null,"defaultLocale":{"name":"English (South Africa) Language Pack","description":null,"creator":"Translate.org.za","homepageURL":null,"contributors":["Translate.org.za","Dwayne Bailey"]},"visible":true,"active":false,"userDisabled":false,"appDisabled":false,"installDate":1507033390000,"updateDate":1507033390000,"applyBackgroundUpdates":1,"bootstrap":true,"path":"/usr/lib/firefox/browser/extensions/langpack-en-ZA@firefox.mozilla.org.xpi","skinnable":false,"size":1253887,"sourceURI":null,"releaseNotesURI":null,"softDisabled":false,"foreignInstall":true,"hasBinaryComponents":false,"strictCompatibility":true,"locales":[],"targetApplications":[{"id":"{ec8030f7-c20a-464f-9b0e-13a3a9e97384}","minVersion":"56.0","maxVersion":"56.*"}],"targetPlatforms":[],"seen":true,"dependencies":[],"hasEmbeddedWebExtension":false,"userPermissions":null,"icons":{},"iconURL":null,"icon64URL":null,"blocklistState":0,"blocklistURL":null}
1508691091637	DeferredSave.extensions.json	DEBUG	Save changes
1508691091638	addons.xpi	DEBUG	Updating XPIState for {"id":"activity-stream@mozilla.org","syncGUID":"{23f5283b-0e98-4c37-9a35-cfbbf9c83dd3}","location":"app-system-defaults","version":"0.0.0","type":"extension","internalName":null,"updateURL":null,"updateKey":null,"optionsURL":null,"optionsType":null,"aboutURL":null,"defaultLocale":{"name":"Activity Stream","description":"A rich visual history feed and a reimagined home page make it easier than ever to find exactly what you're looking for in Firefox.","creator":null,"homepageURL":null},"visible":true,"active":true,"userDisabled":false,"appDisabled":false,"installDate":1507031548000,"updateDate":1507031548000,"applyBackgroundUpdates":1,"bootstrap":true,"path":"/usr/lib/firefox/browser/features/activity-stream@mozilla.org.xpi","skinnable":false,"size":1280296,"sourceURI":null,"releaseNotesURI":null,"softDisabled":false,"foreignInstall":false,"hasBinaryComponents":false,"strictCompatibility":false,"locales":[],"targetApplications":[{"id":"{ec8030f7-c20a-464f-9b0e-13a3a9e97384}","minVersion":"56.0","maxVersion":"56.*"}],"targetPlatforms":[],"multiprocessCompatible":true,"seen":true,"dependencies":[],"hasEmbeddedWebExtension":false,"mpcOptedOut":false,"userPermissions":null,"icons":{},"iconURL":null,"icon64URL":null,"blocklistState":0,"blocklistURL":null}
1508691091638	addons.xpi	DEBUG	Updating XPIState for {"id":"onboarding@mozilla.org","syncGUID":"{1704b9b8-f81d-4e6a-8ddb-596dab32f7bd}","location":"app-system-defaults","version":"0.1","type":"extension","internalName":null,"updateURL":null,"updateKey":null,"optionsURL":null,"optionsType":null,"aboutURL":null,"defaultLocale":{"name":"Photon onboarding","description":"Photon onboarding","creator":null,"homepageURL":null},"visible":true,"active":true,"userDisabled":false,"appDisabled":false,"installDate":1507031549000,"updateDate":1507031549000,"applyBackgroundUpdates":1,"bootstrap":true,"path":"/usr/lib/firefox/browser/features/onboarding@mozilla.org.xpi","skinnable":false,"size":426439,"sourceURI":null,"releaseNotesURI":null,"softDisabled":false,"foreignInstall":false,"hasBinaryComponents":false,"strictCompatibility":false,"locales":[],"targetApplications":[{"id":"{ec8030f7-c20a-464f-9b0e-13a3a9e97384}","minVersion":"56.0","maxVersion":"56.*"}],"targetPlatforms":[],"multiprocessCompatible":true,"seen":true,"dependencies":[],"hasEmbeddedWebExtension":false,"mpcOptedOut":false,"userPermissions":null,"icons":{},"iconURL":null,"icon64URL":null,"blocklistState":0,"blocklistURL":null}
1508691091638	addons.xpi	DEBUG	Updating XPIState for {"id":"formautofill@mozilla.org","syncGUID":"{33f5764d-e565-421c-a01d-98c51d7d879f}","location":"app-system-defaults","version":"1.0","type":"extension","internalName":null,"updateURL":null,"updateKey":null,"optionsURL":null,"optionsType":null,"aboutURL":null,"defaultLocale":{"name":"Form Autofill","description":"Autofill forms with saved profiles","creator":null,"homepageURL":null},"visible":true,"active":true,"userDisabled":false,"appDisabled":false,"installDate":1507031549000,"updateDate":1507031549000,"applyBackgroundUpdates":1,"bootstrap":true,"path":"/usr/lib/firefox/browser/features/formautofill@mozilla.org.xpi","skinnable":false,"size":335585,"sourceURI":null,"releaseNotesURI":null,"softDisabled":false,"foreignInstall":false,"hasBinaryComponents":false,"strictCompatibility":false,"locales":[],"targetApplications":[{"id":"{ec8030f7-c20a-464f-9b0e-13a3a9e97384}","minVersion":"56.0","maxVersion":"56.*"}],"targetPlatforms":[],"multiprocessCompatible":true,"seen":true,"dependencies":[],"hasEmbeddedWebExtension":false,"mpcOptedOut":false,"userPermissions":null,"icons":{},"iconURL":null,"icon64URL":null,"blocklistState":0,"blocklistURL":null}
1508691091639	addons.xpi	DEBUG	Updating XPIState for {"id":"screenshots@mozilla.org","syncGUID":"{62889c40-d27e-4dab-9345-fcc8f757cbe2}","location":"app-system-defaults","version":"10.12.0","type":"extension","internalName":null,"updateURL":null,"updateKey":null,"optionsURL":null,"optionsType":null,"aboutURL":null,"defaultLocale":{"name":"Firefox Screenshots","description":null,"creator":null,"homepageURL":"https://pageshot.net/"},"visible":true,"active":true,"userDisabled":false,"appDisabled":false,"installDate":1507031549000,"updateDate":1507031549000,"applyBackgroundUpdates":1,"bootstrap":true,"path":"/usr/lib/firefox/browser/features/screenshots@mozilla.org.xpi","skinnable":false,"size":714554,"sourceURI":null,"releaseNotesURI":null,"softDisabled":false,"foreignInstall":false,"hasBinaryComponents":false,"strictCompatibility":false,"locales":[],"targetApplications":[{"id":"{ec8030f7-c20a-464f-9b0e-13a3a9e97384}","minVersion":"51.0a1","maxVersion":"*"}],"targetPlatforms":[],"multiprocessCompatible":true,"seen":true,"dependencies":[],"hasEmbeddedWebExtension":false,"mpcOptedOut":false,"userPermissions":null,"icons":{},"iconURL":null,"icon64URL":null,"blocklistState":0,"blocklistURL":null}
1508691091639	addons.xpi	DEBUG	Updating XPIState for {"id":"e10srollout@mozilla.org","syncGUID":"{991c27a0-73a2-47fe-8970-605d19ebe767}","location":"app-system-defaults","version":"3.00","type":"extension","internalName":null,"updateURL":null,"updateKey":null,"optionsURL":null,"optionsType":null,"aboutURL":null,"defaultLocale":{"name":"Multi-process staged rollout","description":"Staged rollout of Firefox multi-process feature.","creator":null,"homepageURL":null},"visible":true,"active":true,"userDisabled":false,"appDisabled":false,"installDate":1507031548000,"updateDate":1507031548000,"applyBackgroundUpdates":1,"bootstrap":true,"path":"/usr/lib/firefox/browser/features/e10srollout@mozilla.org.xpi","skinnable":false,"size":13710,"sourceURI":null,"releaseNotesURI":null,"softDisabled":false,"foreignInstall":false,"hasBinaryComponents":false,"strictCompatibility":false,"locales":[],"targetApplications":[{"id":"{ec8030f7-c20a-464f-9b0e-13a3a9e97384}","minVersion":"56.0","maxVersion":"56.*"}],"targetPlatforms":[],"multiprocessCompatible":true,"seen":true,"dependencies":[],"hasEmbeddedWebExtension":false,"mpcOptedOut":false,"userPermissions":null,"icons":{},"iconURL":null,"icon64URL":null,"blocklistState":0,"blocklistURL":null}
1508691091639	addons.xpi	DEBUG	Updating XPIState for {"id":"firefox@getpocket.com","syncGUID":"{55e19096-dd13-428b-8fcd-8c3c8ae29884}","location":"app-system-defaults","version":"1.0.5","type":"extension","internalName":null,"updateURL":null,"updateKey":null,"optionsURL":null,"optionsType":null,"aboutURL":null,"defaultLocale":{"name":"Pocket","description":"When you find something you want to view later, put it in Pocket.","creator":null,"homepageURL":null},"visible":true,"active":true,"userDisabled":false,"appDisabled":false,"installDate":1507031549000,"updateDate":1507031549000,"applyBackgroundUpdates":1,"bootstrap":true,"path":"/usr/lib/firefox/browser/features/firefox@getpocket.com.xpi","skinnable":false,"size":994832,"sourceURI":null,"releaseNotesURI":null,"softDisabled":false,"foreignInstall":false,"hasBinaryComponents":false,"strictCompatibility":false,"locales":[],"targetApplications":[{"id":"{ec8030f7-c20a-464f-9b0e-13a3a9e97384}","minVersion":"56.0","maxVersion":"56.*"}],"targetPlatforms":[],"multiprocessCompatible":true,"seen":true,"dependencies":[],"hasEmbeddedWebExtension":false,"mpcOptedOut":false,"userPermissions":null,"icons":{},"iconURL":null,"icon64URL":null,"blocklistState":0,"blocklistURL":null}
1508691091640	addons.xpi	DEBUG	Updating XPIState for {"id":"aushelper@mozilla.org","syncGUID":"{42f73ea0-9d9c-489c-840a-2d451ef60a47}","location":"app-system-defaults","version":"2.0","type":"extension","internalName":null,"updateURL":null,"updateKey":null,"optionsURL":null,"optionsType":null,"aboutURL":null,"defaultLocale":{"name":"Application Update Service Helper","description":"Sets value(s) in the update url based on custom checks.","creator":null,"homepageURL":null},"visible":true,"active":true,"userDisabled":false,"appDisabled":false,"installDate":1507031548000,"updateDate":1507031548000,"applyBackgroundUpdates":1,"bootstrap":true,"path":"/usr/lib/firefox/browser/features/aushelper@mozilla.org.xpi","skinnable":false,"size":8486,"sourceURI":null,"releaseNotesURI":null,"softDisabled":false,"foreignInstall":false,"hasBinaryComponents":false,"strictCompatibility":false,"locales":[],"targetApplications":[{"id":"{ec8030f7-c20a-464f-9b0e-13a3a9e97384}","minVersion":"56.0","maxVersion":"56.*"}],"targetPlatforms":[],"multiprocessCompatible":true,"seen":true,"dependencies":[],"hasEmbeddedWebExtension":false,"mpcOptedOut":false,"userPermissions":null,"icons":{},"iconURL":null,"icon64URL":null,"blocklistState":0,"blocklistURL":null}
1508691091641	addons.xpi	DEBUG	Updating XPIState for {"id":"shield-recipe-client@mozilla.org","syncGUID":"{6b1d86c8-006c-407a-a1e4-a83d8904c697}","location":"app-system-defaults","version":"65","type":"extension","internalName":null,"updateURL":null,"updateKey":null,"optionsURL":null,"optionsType":null,"aboutURL":null,"defaultLocale":{"name":"Shield Recipe Client","description":"Client to download and run recipes for SHIELD, Heartbeat, etc.","creator":null,"homepageURL":null},"visible":true,"active":true,"userDisabled":false,"appDisabled":false,"installDate":1507031549000,"updateDate":1507031549000,"applyBackgroundUpdates":1,"bootstrap":true,"path":"/usr/lib/firefox/browser/features/shield-recipe-client@mozilla.org.xpi","skinnable":false,"size":362688,"sourceURI":null,"releaseNotesURI":null,"softDisabled":false,"foreignInstall":false,"hasBinaryComponents":false,"strictCompatibility":false,"locales":[],"targetApplications":[{"id":"{ec8030f7-c20a-464f-9b0e-13a3a9e97384}","minVersion":"56.0","maxVersion":"56.*"}],"targetPlatforms":[],"multiprocessCompatible":true,"seen":true,"dependencies":[],"hasEmbeddedWebExtension":false,"mpcOptedOut":false,"userPermissions":null,"icons":{},"iconURL":null,"icon64URL":null,"blocklistState":0,"blocklistURL":null}
1508691091641	addons.xpi	DEBUG	Updating XPIState for {"id":"clicktoplay-rollout@mozilla.org","syncGUID":"{c9f32883-4ea0-4bfa-bb2e-86860e9d17f1}","location":"app-system-defaults","version":"1.4","type":"extension","internalName":null,"updateURL":null,"updateKey":null,"optionsURL":null,"optionsType":null,"aboutURL":null,"defaultLocale":{"name":"Click-to-Play staged rollout","description":"Staged rollout for Click-to-Play Flash.","creator":null,"homepageURL":null},"visible":true,"active":true,"userDisabled":false,"appDisabled":false,"installDate":1507031548000,"updateDate":1507031548000,"applyBackgroundUpdates":1,"bootstrap":true,"path":"/usr/lib/firefox/browser/features/clicktoplay-rollout@mozilla.org.xpi","skinnable":false,"size":5779,"sourceURI":null,"releaseNotesURI":null,"softDisabled":false,"foreignInstall":false,"hasBinaryComponents":false,"strictCompatibility":false,"locales":[],"targetApplications":[{"id":"{ec8030f7-c20a-464f-9b0e-13a3a9e97384}","minVersion":"56.0","maxVersion":"56.*"}],"targetPlatforms":[],"multiprocessCompatible":true,"seen":true,"dependencies":[],"hasEmbeddedWebExtension":false,"mpcOptedOut":false,"userPermissions":null,"icons":{},"iconURL":null,"icon64URL":null,"blocklistState":0,"blocklistURL":null}
1508691091641	addons.xpi	DEBUG	Updating XPIState for {"id":"webcompat@mozilla.org","syncGUID":"{af3da911-33c4-468a-ba0f-21871f2591a3}","location":"app-system-defaults","version":"1.1","type":"extension","internalName":null,"updateURL":null,"updateKey":null,"optionsURL":null,"optionsType":null,"aboutURL":null,"defaultLocale":{"name":"Web Compat","description":"Urgent post-release fixes for web compatibility.","creator":null,"homepageURL":null},"visible":true,"active":true,"userDisabled":false,"appDisabled":false,"installDate":1507031549000,"updateDate":1507031549000,"applyBackgroundUpdates":1,"bootstrap":true,"path":"/usr/lib/firefox/browser/features/webcompat@mozilla.org.xpi","skinnable":false,"size":8990,"sourceURI":null,"releaseNotesURI":null,"softDisabled":false,"foreignInstall":false,"hasBinaryComponents":false,"strictCompatibility":false,"locales":[],"targetApplications":[{"id":"{ec8030f7-c20a-464f-9b0e-13a3a9e97384}","minVersion":"56.0","maxVersion":"56.*"}],"targetPlatforms":[],"multiprocessCompatible":true,"seen":true,"dependencies":[],"hasEmbeddedWebExtension":false,"mpcOptedOut":false,"userPermissions":null,"icons":{},"iconURL":null,"icon64URL":null,"blocklistState":0,"blocklistURL":null}
1508691091641	addons.xpi	DEBUG	Updating XPIState for {"id":"followonsearch@mozilla.com","syncGUID":"{b5079b77-72b5-44f8-bf02-ae968242af82}","location":"app-system-defaults","version":"0.9.3","type":"extension","internalName":null,"updateURL":null,"updateKey":null,"optionsURL":null,"optionsType":null,"aboutURL":null,"defaultLocale":{"name":"Follow-on Search Telemetry","description":null,"creator":null,"homepageURL":null},"visible":true,"active":true,"userDisabled":false,"appDisabled":false,"installDate":1507031549000,"updateDate":1507031549000,"applyBackgroundUpdates":1,"bootstrap":true,"path":"/usr/lib/firefox/browser/features/followonsearch@mozilla.com.xpi","skinnable":false,"size":16802,"sourceURI":null,"releaseNotesURI":null,"softDisabled":false,"foreignInstall":false,"hasBinaryComponents":false,"strictCompatibility":false,"locales":[],"targetApplications":[{"id":"{ec8030f7-c20a-464f-9b0e-13a3a9e97384}","minVersion":"52.0","maxVersion":"59.*"}],"targetPlatforms":[],"multiprocessCompatible":true,"seen":true,"dependencies":[],"hasEmbeddedWebExtension":false,"mpcOptedOut":false,"userPermissions":null,"icons":{},"iconURL":null,"icon64URL":null,"blocklistState":0,"blocklistURL":null}
1508691091642	addons.xpi	DEBUG	Updating XPIState for {"id":"langpack-en-GB@firefox.mozilla.org","syncGUID":"{23638986-a681-43c5-b622-82282daeebe3}","location":"app-global","version":"56.0","type":"locale","internalName":null,"updateURL":null,"updateKey":null,"optionsURL":null,"optionsType":null,"optionsBrowserStyle":null,"aboutURL":null,"defaultLocale":{"name":"English (GB) Language Pack","description":null,"creator":"Mark Tyndall","homepageURL":null,"contributors":["David Bartlett","Constantine Murenin","Ian Neal"]},"visible":true,"active":true,"userDisabled":false,"appDisabled":false,"installDate":1507033390000,"updateDate":1507033390000,"applyBackgroundUpdates":1,"bootstrap":true,"path":"/usr/lib/firefox/browser/extensions/langpack-en-GB@firefox.mozilla.org.xpi","skinnable":false,"size":1254091,"sourceURI":null,"releaseNotesURI":null,"softDisabled":false,"foreignInstall":true,"hasBinaryComponents":false,"strictCompatibility":true,"locales":[],"targetApplications":[{"id":"{ec8030f7-c20a-464f-9b0e-13a3a9e97384}","minVersion":"56.0","maxVersion":"56.*"}],"targetPlatforms":[],"seen":true,"dependencies":[],"hasEmbeddedWebExtension":false,"userPermissions":null,"icons":{},"iconURL":null,"icon64URL":null,"blocklistState":0,"blocklistURL":null}
1508691091642	addons.xpi	DEBUG	Updating XPIState for {"id":"{972ce4c6-7e08-4474-a285-3208198ce6fd}","syncGUID":"{f5e4ad69-0934-464e-81e4-3d86d9dd46d7}","location":"app-global","version":"56.0","type":"theme","internalName":"classic/1.0","updateURL":null,"updateKey":null,"optionsURL":null,"optionsType":null,"optionsBrowserStyle":null,"aboutURL":null,"defaultLocale":{"name":"Default","description":"The default theme.","creator":"Mozilla","homepageURL":null,"contributors":["Mozilla Contributors"]},"visible":true,"active":true,"userDisabled":false,"appDisabled":false,"installDate":1507031548000,"updateDate":1507031548000,"applyBackgroundUpdates":1,"path":"/usr/lib/firefox/browser/extensions/{972ce4c6-7e08-4474-a285-3208198ce6fd}.xpi","skinnable":true,"size":2912,"sourceURI":null,"releaseNotesURI":null,"softDisabled":false,"foreignInstall":false,"hasBinaryComponents":false,"strictCompatibility":true,"locales":[],"targetApplications":[{"id":"{ec8030f7-c20a-464f-9b0e-13a3a9e97384}","minVersion":"56.0","maxVersion":"56.0"}],"targetPlatforms":[],"seen":true,"dependencies":[],"hasEmbeddedWebExtension":false,"userPermissions":null,"icons":{},"iconURL":"chrome://browser/content/default-theme-icon.svg","icon64URL":null,"blocklistState":0,"blocklistURL":null}
1508691091642	addons.xpi	DEBUG	Updating XPIState for {"id":"langpack-en-ZA@firefox.mozilla.org","syncGUID":"{5daf4b7b-3a06-4ba0-9675-d7aa8b8cc0af}","location":"app-global","version":"56.0","type":"locale","internalName":null,"updateURL":null,"updateKey":null,"optionsURL":null,"optionsType":null,"optionsBrowserStyle":null,"aboutURL":null,"defaultLocale":{"name":"English (South Africa) Language Pack","description":null,"creator":"Translate.org.za","homepageURL":null,"contributors":["Translate.org.za","Dwayne Bailey"]},"visible":true,"active":true,"userDisabled":false,"appDisabled":false,"installDate":1507033390000,"updateDate":1507033390000,"applyBackgroundUpdates":1,"bootstrap":true,"path":"/usr/lib/firefox/browser/extensions/langpack-en-ZA@firefox.mozilla.org.xpi","skinnable":false,"size":1253887,"sourceURI":null,"releaseNotesURI":null,"softDisabled":false,"foreignInstall":true,"hasBinaryComponents":false,"strictCompatibility":true,"locales":[],"targetApplications":[{"id":"{ec8030f7-c20a-464f-9b0e-13a3a9e97384}","minVersion":"56.0","maxVersion":"56.*"}],"targetPlatforms":[],"seen":true,"dependencies":[],"hasEmbeddedWebExtension":false,"userPermissions":null,"icons":{},"iconURL":null,"icon64URL":null,"blocklistState":0,"blocklistURL":null}
1508691091643	DeferredSave.extensions.json	DEBUG	Save changes
1508691091643	addons.xpi	DEBUG	Updating database with changes to installed add-ons
1508691091643	addons.xpi-utils	DEBUG	Updating add-on states
1508691091652	addons.xpi	DEBUG	Registering manifest for /usr/lib/firefox/browser/features/activity-stream@mozilla.org.xpi
1508691091652	addons.xpi	DEBUG	Calling bootstrap method startup on activity-stream@mozilla.org version 0.0.0
1508691091653	addons.xpi	DEBUG	Registering manifest for /usr/lib/firefox/browser/features/aushelper@mozilla.org.xpi
1508691091654	addons.xpi	DEBUG	Calling bootstrap method startup on aushelper@mozilla.org version 2.0
1508691091654	addons.xpi	DEBUG	Registering manifest for /usr/lib/firefox/browser/features/clicktoplay-rollout@mozilla.org.xpi
1508691091655	addons.xpi	DEBUG	Calling bootstrap method startup on clicktoplay-rollout@mozilla.org version 1.4
1508691091655	addons.xpi	DEBUG	Registering manifest for /usr/lib/firefox/browser/features/e10srollout@mozilla.org.xpi
1508691091655	addons.xpi	DEBUG	Calling bootstrap method startup on e10srollout@mozilla.org version 3.00
1508691091656	addons.xpi	DEBUG	Registering manifest for /usr/lib/firefox/browser/features/firefox@getpocket.com.xpi
1508691091656	addons.xpi	DEBUG	Calling bootstrap method startup on firefox@getpocket.com version 1.0.5
1508691092001	addons.xpi	DEBUG	Registering manifest for /usr/lib/firefox/browser/features/followonsearch@mozilla.com.xpi
1508691092002	addons.xpi	DEBUG	Calling bootstrap method startup on followonsearch@mozilla.com version 0.9.3
1508691092003	addons.xpi	DEBUG	Registering manifest for /usr/lib/firefox/browser/features/formautofill@mozilla.org.xpi
1508691092003	addons.xpi	DEBUG	Calling bootstrap method startup on formautofill@mozilla.org version 1.0
1508691092005	addons.xpi	DEBUG	Registering manifest for /usr/lib/firefox/browser/extensions/langpack-en-GB@firefox.mozilla.org.xpi
1508691092013	addons.xpi	DEBUG	Registering manifest for /usr/lib/firefox/browser/extensions/langpack-en-ZA@firefox.mozilla.org.xpi
1508691092017	addons.xpi	DEBUG	Registering manifest for /usr/lib/firefox/browser/features/onboarding@mozilla.org.xpi
1508691092018	addons.xpi	DEBUG	Calling bootstrap method startup on onboarding@mozilla.org version 0.1
1508691092019	addons.xpi	DEBUG	Registering manifest for /usr/lib/firefox/browser/features/screenshots@mozilla.org.xpi
1508691092019	addons.xpi	DEBUG	Calling bootstrap method startup on screenshots@mozilla.org version 10.12.0
1508691092020	addons.xpi	DEBUG	Registering manifest for /usr/lib/firefox/browser/features/shield-recipe-client@mozilla.org.xpi
1508691092020	addons.xpi	DEBUG	Calling bootstrap method startup on shield-recipe-client@mozilla.org version 65
1508691092028	addons.xpi	DEBUG	Registering manifest for /usr/lib/firefox/browser/features/webcompat@mozilla.org.xpi
1508691092029	addons.xpi	DEBUG	Calling bootstrap method startup on webcompat@mozilla.org version 1.1
1508691092034	addons.manager	DEBUG	Registering shutdown blocker for XPIProvider
1508691092034	addons.manager	DEBUG	Provider finished startup: XPIProvider
1508691092034	addons.manager	DEBUG	Starting provider: LightweightThemeManager
1508691092034	addons.manager	DEBUG	Registering shutdown blocker for LightweightThemeManager
1508691092034	addons.manager	DEBUG	Provider finished startup: LightweightThemeManager
1508691092035	addons.manager	DEBUG	Starting provider: GMPProvider
1508691092038	addons.manager	DEBUG	Registering shutdown blocker for GMPProvider
1508691092038	addons.manager	DEBUG	Provider finished startup: GMPProvider
1508691092039	addons.manager	DEBUG	Starting provider: PluginProvider
1508691092039	addons.manager	DEBUG	Registering shutdown blocker for PluginProvider
1508691092039	addons.manager	DEBUG	Provider finished startup: PluginProvider
1508691092039	addons.manager	DEBUG	Completed startup sequence
1508691093063	Marionette	INFO	Enabled via --marionette
1508691094047	addons.manager	DEBUG	Starting provider: PreviousExperimentProvider
1508691094047	addons.manager	DEBUG	Registering shutdown blocker for PreviousExperimentProvider
1508691094047	addons.manager	DEBUG	Provider finished startup: PreviousExperimentProvider
1508691096500	DeferredSave.extensions.json	DEBUG	Write succeeded
1508691096500	addons.xpi-utils	DEBUG	XPI Database saved, setting schema version preference to 22
1508691096500	DeferredSave.extensions.json	DEBUG	Starting timer
1508691096651	DeferredSave.extensions.json	DEBUG	Starting write
1508691098471	DeferredSave.webext.sc.lz4	DEBUG	Save changes
1508691098472	DeferredSave.webext.sc.lz4	DEBUG	Starting timer
1508691098527	DeferredSave.webext.sc.lz4	DEBUG	Save changes
1508691098530	DeferredSave.webext.sc.lz4	DEBUG	Save changes
1508691098533	DeferredSave.webext.sc.lz4	DEBUG	Save changes
1508691098535	DeferredSave.webext.sc.lz4	DEBUG	Save changes
1508691098537	DeferredSave.webext.sc.lz4	DEBUG	Save changes
1508691098540	DeferredSave.webext.sc.lz4	DEBUG	Save changes
1508691098542	DeferredSave.webext.sc.lz4	DEBUG	Save changes
1508691098543	DeferredSave.webext.sc.lz4	DEBUG	Save changes
1508691098545	DeferredSave.webext.sc.lz4	DEBUG	Save changes
1508691098547	DeferredSave.webext.sc.lz4	DEBUG	Save changes
1508691098550	DeferredSave.webext.sc.lz4	DEBUG	Save changes
1508691098550	DeferredSave.webext.sc.lz4	DEBUG	Save changes
1508691098552	DeferredSave.webext.sc.lz4	DEBUG	Save changes
1508691098553	DeferredSave.webext.sc.lz4	DEBUG	Save changes
1508691098554	DeferredSave.webext.sc.lz4	DEBUG	Save changes
1508691098555	DeferredSave.webext.sc.lz4	DEBUG	Save changes
1508691098556	DeferredSave.webext.sc.lz4	DEBUG	Save changes
1508691098557	DeferredSave.webext.sc.lz4	DEBUG	Save changes
1508691098558	DeferredSave.webext.sc.lz4	DEBUG	Save changes
1508691098558	DeferredSave.webext.sc.lz4	DEBUG	Save changes
1508691098561	DeferredSave.webext.sc.lz4	DEBUG	Save changes
1508691098562	DeferredSave.webext.sc.lz4	DEBUG	Save changes
1508691098563	DeferredSave.webext.sc.lz4	DEBUG	Save changes
1508691098563	DeferredSave.webext.sc.lz4	DEBUG	Save changes
1508691098564	DeferredSave.webext.sc.lz4	DEBUG	Save changes
1508691098564	DeferredSave.webext.sc.lz4	DEBUG	Save changes
1508691098565	DeferredSave.webext.sc.lz4	DEBUG	Save changes
1508691098565	DeferredSave.webext.sc.lz4	DEBUG	Save changes
1508691098567	DeferredSave.webext.sc.lz4	DEBUG	Save changes
1508691098568	DeferredSave.webext.sc.lz4	DEBUG	Save changes
1508691098568	DeferredSave.webext.sc.lz4	DEBUG	Save changes
1508691098569	DeferredSave.webext.sc.lz4	DEBUG	Save changes
1508691098570	DeferredSave.webext.sc.lz4	DEBUG	Save changes
1508691098571	DeferredSave.webext.sc.lz4	DEBUG	Save changes
1508691098571	DeferredSave.webext.sc.lz4	DEBUG	Save changes
1508691098572	DeferredSave.webext.sc.lz4	DEBUG	Save changes
1508691098573	DeferredSave.webext.sc.lz4	DEBUG	Save changes
1508691098573	DeferredSave.webext.sc.lz4	DEBUG	Save changes
1508691098574	DeferredSave.webext.sc.lz4	DEBUG	Save changes
1508691098575	DeferredSave.webext.sc.lz4	DEBUG	Save changes
1508691098576	DeferredSave.webext.sc.lz4	DEBUG	Save changes
1508691098577	DeferredSave.webext.sc.lz4	DEBUG	Save changes
1508691098577	DeferredSave.webext.sc.lz4	DEBUG	Save changes
1508691098578	DeferredSave.webext.sc.lz4	DEBUG	Save changes
1508691098581	DeferredSave.webext.sc.lz4	DEBUG	Save changes
1508691098581	DeferredSave.webext.sc.lz4	DEBUG	Save changes
1508691098582	DeferredSave.webext.sc.lz4	DEBUG	Save changes
1508691098585	DeferredSave.webext.sc.lz4	DEBUG	Save changes
1508691098594	DeferredSave.webext.sc.lz4	DEBUG	Save changes
1508691098620	DeferredSave.webext.sc.lz4	DEBUG	Save changes
1508691098716	DeferredSave.extensions.json	DEBUG	Write succeeded
1508691098893	DeferredSave.webext.sc.lz4	DEBUG	Save changes
1508691099625	addons.manager	DEBUG	Starting provider: <unnamed-provider>
1508691099625	addons.manager	DEBUG	Registering shutdown blocker for <unnamed-provider>
1508691099625	addons.manager	DEBUG	Provider finished startup: <unnamed-provider>
1508691099627	addons.xpi	INFO	Mapping activity-stream@mozilla.org to /usr/lib/firefox/browser/features/activity-stream@mozilla.org.xpi
1508691099627	addons.xpi	INFO	Mapping onboarding@mozilla.org to /usr/lib/firefox/browser/features/onboarding@mozilla.org.xpi
1508691099628	addons.xpi	INFO	Mapping formautofill@mozilla.org to /usr/lib/firefox/browser/features/formautofill@mozilla.org.xpi
1508691099628	addons.xpi	INFO	Mapping screenshots@mozilla.org to /usr/lib/firefox/browser/features/screenshots@mozilla.org.xpi
1508691099628	addons.xpi	INFO	Mapping e10srollout@mozilla.org to /usr/lib/firefox/browser/features/e10srollout@mozilla.org.xpi
1508691099628	addons.xpi	INFO	Mapping firefox@getpocket.com to /usr/lib/firefox/browser/features/firefox@getpocket.com.xpi
1508691099628	addons.xpi	INFO	Mapping aushelper@mozilla.org to /usr/lib/firefox/browser/features/aushelper@mozilla.org.xpi
1508691099628	addons.xpi	INFO	Mapping shield-recipe-client@mozilla.org to /usr/lib/firefox/browser/features/shield-recipe-client@mozilla.org.xpi
1508691099628	addons.xpi	INFO	Mapping clicktoplay-rollout@mozilla.org to /usr/lib/firefox/browser/features/clicktoplay-rollout@mozilla.org.xpi
1508691099628	addons.xpi	INFO	Mapping webcompat@mozilla.org to /usr/lib/firefox/browser/features/webcompat@mozilla.org.xpi
1508691099628	addons.xpi	INFO	Mapping followonsearch@mozilla.com to /usr/lib/firefox/browser/features/followonsearch@mozilla.com.xpi
1508691099628	addons.xpi	DEBUG	Existing add-on activity-stream@mozilla.org in app-system-defaults
1508691099629	addons.xpi	DEBUG	Existing add-on onboarding@mozilla.org in app-system-defaults
1508691099629	addons.xpi	DEBUG	Existing add-on formautofill@mozilla.org in app-system-defaults
1508691099629	addons.xpi	DEBUG	Existing add-on screenshots@mozilla.org in app-system-defaults
1508691099629	addons.xpi	DEBUG	Existing add-on e10srollout@mozilla.org in app-system-defaults
1508691099629	addons.xpi	DEBUG	Existing add-on firefox@getpocket.com in app-system-defaults
1508691099629	addons.xpi	DEBUG	Existing add-on aushelper@mozilla.org in app-system-defaults
1508691099630	addons.xpi	DEBUG	Existing add-on shield-recipe-client@mozilla.org in app-system-defaults
1508691099630	addons.xpi	DEBUG	Existing add-on clicktoplay-rollout@mozilla.org in app-system-defaults
1508691099630	addons.xpi	DEBUG	Existing add-on webcompat@mozilla.org in app-system-defaults
1508691099630	addons.xpi	DEBUG	Existing add-on followonsearch@mozilla.com in app-system-defaults
1508691099630	addons.xpi	INFO	Mapping langpack-en-GB@firefox.mozilla.org to /usr/lib/firefox/browser/extensions/langpack-en-GB@firefox.mozilla.org.xpi
1508691099631	addons.xpi	INFO	Mapping {972ce4c6-7e08-4474-a285-3208198ce6fd} to /usr/lib/firefox/browser/extensions/{972ce4c6-7e08-4474-a285-3208198ce6fd}.xpi
1508691099631	addons.xpi	INFO	Mapping langpack-en-ZA@firefox.mozilla.org to /usr/lib/firefox/browser/extensions/langpack-en-ZA@firefox.mozilla.org.xpi
1508691099631	addons.xpi	DEBUG	Existing add-on langpack-en-GB@firefox.mozilla.org in app-global
1508691099631	addons.xpi	DEBUG	Existing add-on {972ce4c6-7e08-4474-a285-3208198ce6fd} in app-global
1508691099631	addons.xpi	DEBUG	Existing add-on langpack-en-ZA@firefox.mozilla.org in app-global
1508691099631	addons.xpi	DEBUG	getInstallState changed: false, state: {}
1508691099878	Marionette	INFO	Listening on port 33506
1508691099974	Marionette	WARN	TLS certificate errors will be ignored for this session
1508691100010	Marionette	DEBUG	Register listener.js for window 2147483649
1508691100043	addons.productaddons	INFO	sending request to: https://aus5.mozilla.org/update/3/GMP/56.0/20171003101344/Linux_x86_64-gcc3/null/release-cck- ubuntu/Linux%204.4.0-97-generic%20(GTK%203.18.9%2Clibpulse%208.0.0)/canonical/1.0/update.xml
1508691100088	Marionette	DEBUG	Received DOM event "beforeunload" for "about:blank"
1508691102255	Marionette	DEBUG	Received DOM event "pagehide" for "about:blank"
1508691102255	Marionette	DEBUG	Received DOM event "unload" for "about:blank"
1508691103476	DeferredSave.webext.sc.lz4	DEBUG	Starting write
1508691103482	DeferredSave.webext.sc.lz4	DEBUG	Write succeeded
1508691103915	Marionette	DEBUG	Received DOM event "DOMContentLoaded" for "https://mahe3.dvois.com/24online/webpages/client.jsp"
1508691104002	Marionette	DEBUG	Received DOM event "pageshow" for "https://mahe3.dvois.com/24online/webpages/client.jsp"
1508691104250	Marionette	DEBUG	Received DOM event "beforeunload" for "https://mahe3.dvois.com/24online/webpages/client.jsp"
1508691104791	Marionette	DEBUG	Received DOM event "pagehide" for "https://mahe3.dvois.com/24online/webpages/client.jsp"
1508691104792	Marionette	DEBUG	Received DOM event "unload" for "https://mahe3.dvois.com/24online/webpages/client.jsp"
1508691104856	Marionette	DEBUG	Received DOM event "DOMContentLoaded" for "https://mahe3.dvois.com/24online/servlet/E24onlineHTTPClient"
1508691104918	Marionette	DEBUG	Received DOM event "pageshow" for "https://mahe3.dvois.com/24online/servlet/E24onlineHTTPClient"
1508691104922	Marionette	INFO	New connections will no longer be accepted
1508691104955	addons.xpi	DEBUG	Calling bootstrap method shutdown on webcompat@mozilla.org version 1.1
1508691104955	addons.xpi	DEBUG	Calling bootstrap method shutdown on shield-recipe-client@mozilla.org version 65
1508691104956	addons.xpi	DEBUG	Calling bootstrap method shutdown on screenshots@mozilla.org version 10.12.0
1508691104963	addons.xpi	DEBUG	Calling bootstrap method shutdown on onboarding@mozilla.org version 0.1
1508691104963	addons.xpi	DEBUG	Calling bootstrap method shutdown on formautofill@mozilla.org version 1.0
1508691104964	addons.xpi	DEBUG	Calling bootstrap method shutdown on followonsearch@mozilla.com version 0.9.3
1508691104964	addons.xpi	DEBUG	Calling bootstrap method shutdown on firefox@getpocket.com version 1.0.5
1508691104965	addons.xpi	DEBUG	Calling bootstrap method shutdown on e10srollout@mozilla.org version 3.00
1508691104966	addons.xpi	DEBUG	Calling bootstrap method shutdown on clicktoplay-rollout@mozilla.org version 1.4
1508691104966	addons.xpi	DEBUG	Calling bootstrap method shutdown on aushelper@mozilla.org version 2.0
1508691104966	addons.xpi	DEBUG	Calling bootstrap method shutdown on activity-stream@mozilla.org version 0.0.0
[Child 20588] WARNING: pipe error (35): Connection reset by peer: file /build/firefox-l1g98U/firefox-56.0+build6/ipc/chromium/src/chrome/common/ipc_channel_posix.cc, line 353
[Child 20588] WARNING: pipe error (24): Connection reset by peer: file /build/firefox-l1g98U/firefox-56.0+build6/ipc/chromium/src/chrome/common/ipc_channel_posix.cc, line 353
[Child 20588] WARNING: pipe error (3): Connection reset by peer: file /build/firefox-l1g98U/firefox-56.0+build6/ipc/chromium/src/chrome/common/ipc_channel_posix.cc, line 353
